<?xml version="1.0" encoding="UTF-8" ?>
<testsuite errors="0" skipped="0" tests="3" time="0.023" failures="0" name="net.blitzstein.al.messenger.dao.MessageDaoImplIntegrationTest">
  <properties>
[...]
</properties>
  <testcase classname="net.blitzstein.al.messenger.dao.MessageDaoImplIntegrationTest" time="0.011" name="testSave"/>
  <testcase classname="net.blitzstein.al.messenger.dao.MessageDaoImplIntegrationTest" time="0.003" name="testFind"/>
  <testcase classname="net.blitzstein.al.messenger.dao.MessageDaoImplIntegrationTest" time="0.001" name="testDelete"/>
</testsuite>